# JRE version: OpenJDK Runtime Environment (24.0.1+9) (build 24.0.1+9-30)
# Java VM: OpenJDK 64-Bit Server VM (24.0.1+9-30, mixed mode, emulated-client, sharing, tiered, compressed oops, compressed class ptrs, g1 gc, windows-amd64)
GC Precious Log:
 CardTable entry size: 512
 Card Set container configuration: InlinePtr #cards 4 size 8 Array Of Cards #cards 16 size 48 Howl #buckets 8 coarsen threshold 3686 Howl Bitmap #cards 512 size 80 coarsen threshold 460 Card regions per heap region 1 cards per card region 4096
 CPUs: 8 total, 8 available
 Memory: 12014M
 Large Page Support: Disabled
 NUMA Support: Disabled
 Compressed Oops: Enabled (Zero based)
 Heap Region Size: 2M
 Heap Min Capacity: 8M
 Heap Initial Capacity: 188M
 Heap Max Capacity: 3004M
 Pre-touch: Disabled
 Parallel Workers: 8
 Concurrent Workers: 2
 Concurrent Refinement Workers: 8
 Periodic GC: Disabled
Heap:
 garbage-first heap   total reserved 3076096K, committed 83968K, used 47881K [0x0000000744400000, 0x0000000800000000)
  region size 2048K, 4 young (8192K), 2 survivors (4096K)
 Metaspace       used 94118K, committed 94848K, reserved 1179648K
  class space    used 10222K, committed 10496K, reserved 1048576K
GC Heap History (20 events):
Event: 4.272 GC heap before
{Heap before GC invocations=9 (full 0):
 garbage-first heap   total reserved 3076096K, committed 69632K, used 54539K [0x0000000744400000, 0x0000000800000000)
  region size 2048K, 17 young (34816K), 3 survivors (6144K)
 Metaspace       used 43383K, committed 43776K, reserved 1114112K
  class space    used 4502K, committed 4672K, reserved 1048576K
}
Event: 4.283 GC heap after
{Heap after GC invocations=10 (full 0):
 garbage-first heap   total reserved 3076096K, committed 83968K, used 27872K [0x0000000744400000, 0x0000000800000000)
  region size 2048K, 3 young (6144K), 3 survivors (6144K)
 Metaspace       used 43383K, committed 43776K, reserved 1114112K
  class space    used 4502K, committed 4672K, reserved 1048576K
}
Event: 5.376 GC heap before
{Heap before GC invocations=10 (full 0):
 garbage-first heap   total reserved 3076096K, committed 83968K, used 64736K [0x0000000744400000, 0x0000000800000000)
  region size 2048K, 22 young (45056K), 3 survivors (6144K)
 Metaspace       used 50223K, committed 50624K, reserved 1114112K
  class space    used 5185K, committed 5376K, reserved 1048576K
}
Event: 5.384 GC heap after
{Heap after GC invocations=11 (full 0):
 garbage-first heap   total reserved 3076096K, committed 83968K, used 31251K [0x0000000744400000, 0x0000000800000000)
  region size 2048K, 3 young (6144K), 3 survivors (6144K)
 Metaspace       used 50223K, committed 50624K, reserved 1114112K
  class space    used 5185K, committed 5376K, reserved 1048576K
}
Event: 6.250 GC heap before
{Heap before GC invocations=11 (full 0):
 garbage-first heap   total reserved 3076096K, committed 83968K, used 70163K [0x0000000744400000, 0x0000000800000000)
  region size 2048K, 22 young (45056K), 3 survivors (6144K)
 Metaspace       used 59139K, committed 59712K, reserved 1114112K
  class space    used 6137K, committed 6400K, reserved 1048576K
}
Event: 6.256 GC heap after
{Heap after GC invocations=12 (full 0):
 garbage-first heap   total reserved 3076096K, committed 83968K, used 33206K [0x0000000744400000, 0x0000000800000000)
  region size 2048K, 3 young (6144K), 3 survivors (6144K)
 Metaspace       used 59139K, committed 59712K, reserved 1114112K
  class space    used 6137K, committed 6400K, reserved 1048576K
}
Event: 6.324 GC heap before
{Heap before GC invocations=12 (full 0):
 garbage-first heap   total reserved 3076096K, committed 83968K, used 37302K [0x0000000744400000, 0x0000000800000000)
  region size 2048K, 6 young (12288K), 3 survivors (6144K)
 Metaspace       used 59937K, committed 60416K, reserved 1114112K
  class space    used 6183K, committed 6400K, reserved 1048576K
}
Event: 6.328 GC heap after
{Heap after GC invocations=13 (full 0):
 garbage-first heap   total reserved 3076096K, committed 83968K, used 33354K [0x0000000744400000, 0x0000000800000000)
  region size 2048K, 2 young (4096K), 2 survivors (4096K)
 Metaspace       used 59937K, committed 60416K, reserved 1114112K
  class space    used 6183K, committed 6400K, reserved 1048576K
}
Event: 7.067 GC heap before
{Heap before GC invocations=14 (full 0):
 garbage-first heap   total reserved 3076096K, committed 83968K, used 68170K [0x0000000744400000, 0x0000000800000000)
  region size 2048K, 20 young (40960K), 2 survivors (4096K)
 Metaspace       used 68905K, committed 69504K, reserved 1114112K
  class space    used 7280K, committed 7552K, reserved 1048576K
}
Event: 7.072 GC heap after
{Heap after GC invocations=15 (full 0):
 garbage-first heap   total reserved 3076096K, committed 83968K, used 34537K [0x0000000744400000, 0x0000000800000000)
  region size 2048K, 2 young (4096K), 2 survivors (4096K)
 Metaspace       used 68905K, committed 69504K, reserved 1114112K
  class space    used 7280K, committed 7552K, reserved 1048576K
}
Event: 7.877 GC heap before
{Heap before GC invocations=15 (full 0):
 garbage-first heap   total reserved 3076096K, committed 83968K, used 71401K [0x0000000744400000, 0x0000000800000000)
  region size 2048K, 20 young (40960K), 2 survivors (4096K)
 Metaspace       used 74041K, committed 74560K, reserved 1179648K
  class space    used 7896K, committed 8128K, reserved 1048576K
}
Event: 7.886 GC heap after
{Heap after GC invocations=16 (full 0):
 garbage-first heap   total reserved 3076096K, committed 83968K, used 37030K [0x0000000744400000, 0x0000000800000000)
  region size 2048K, 3 young (6144K), 3 survivors (6144K)
 Metaspace       used 74041K, committed 74560K, reserved 1179648K
  class space    used 7896K, committed 8128K, reserved 1048576K
}
Event: 8.420 GC heap before
{Heap before GC invocations=16 (full 0):
 garbage-first heap   total reserved 3076096K, committed 83968K, used 69798K [0x0000000744400000, 0x0000000800000000)
  region size 2048K, 19 young (38912K), 3 survivors (6144K)
 Metaspace       used 79161K, committed 79744K, reserved 1179648K
  class space    used 8450K, committed 8704K, reserved 1048576K
}
Event: 8.430 GC heap after
{Heap after GC invocations=17 (full 0):
 garbage-first heap   total reserved 3076096K, committed 83968K, used 39972K [0x0000000744400000, 0x0000000800000000)
  region size 2048K, 2 young (4096K), 2 survivors (4096K)
 Metaspace       used 79161K, committed 79744K, reserved 1179648K
  class space    used 8450K, committed 8704K, reserved 1048576K
}
Event: 8.998 GC heap before
{Heap before GC invocations=17 (full 0):
 garbage-first heap   total reserved 3076096K, committed 83968K, used 68644K [0x0000000744400000, 0x0000000800000000)
  region size 2048K, 17 young (34816K), 2 survivors (4096K)
 Metaspace       used 82599K, committed 83264K, reserved 1179648K
  class space    used 8880K, committed 9152K, reserved 1048576K
}
Event: 9.007 GC heap after
{Heap after GC invocations=18 (full 0):
 garbage-first heap   total reserved 3076096K, committed 83968K, used 42296K [0x0000000744400000, 0x0000000800000000)
  region size 2048K, 3 young (6144K), 3 survivors (6144K)
 Metaspace       used 82599K, committed 83264K, reserved 1179648K
  class space    used 8880K, committed 9152K, reserved 1048576K
}
Event: 53.885 GC heap before
{Heap before GC invocations=19 (full 0):
 garbage-first heap   total reserved 3076096K, committed 83968K, used 68920K [0x0000000744400000, 0x0000000800000000)
  region size 2048K, 16 young (32768K), 3 survivors (6144K)
 Metaspace       used 86750K, committed 87488K, reserved 1179648K
  class space    used 9416K, committed 9728K, reserved 1048576K
}
Event: 53.906 GC heap after
{Heap after GC invocations=20 (full 0):
 garbage-first heap   total reserved 3076096K, committed 83968K, used 44339K [0x0000000744400000, 0x0000000800000000)
  region size 2048K, 2 young (4096K), 2 survivors (4096K)
 Metaspace       used 86750K, committed 87488K, reserved 1179648K
  class space    used 9416K, committed 9728K, reserved 1048576K
}
Event: 102.658 GC heap before
{Heap before GC invocations=20 (full 0):
 garbage-first heap   total reserved 3076096K, committed 83968K, used 68915K [0x0000000744400000, 0x0000000800000000)
  region size 2048K, 15 young (30720K), 2 survivors (4096K)
 Metaspace       used 93785K, committed 94528K, reserved 1179648K
  class space    used 10170K, committed 10496K, reserved 1048576K
}
Event: 102.668 GC heap after
{Heap after GC invocations=21 (full 0):
 garbage-first heap   total reserved 3076096K, committed 83968K, used 45833K [0x0000000744400000, 0x0000000800000000)
  region size 2048K, 2 young (4096K), 2 survivors (4096K)
 Metaspace       used 93785K, committed 94528K, reserved 1179648K
  class space    used 10170K, committed 10496K, reserved 1048576K
}

